<?xml version="1.0" encoding="UTF-8"?>
<testng-results ignored="1" total="5" passed="4" failed="0" skipped="0">
  <reporter-output>
  </reporter-output>
  <suite started-at="2022-11-13T09:06:57 IST" name="Default suite" finished-at="2022-11-13T09:06:57 IST" duration-ms="567">
    <groups>
    </groups>
    <test started-at="2022-11-13T09:06:57 IST" name="Default test" finished-at="2022-11-13T09:06:57 IST" duration-ms="567">
      <class name="Vtiger.practice.Readdatafronexcel">
        <test-method signature="muldatausedataprovider(java.lang.String,java.lang.String)[pri:0, instance:Vtiger.practice.Readdatafronexcel@7c24b813]" started-at="2022-11-13T09:06:57 IST" name="muldatausedataprovider" data-provider="muldata" finished-at="2022-11-13T09:06:57 IST" duration-ms="7" status="PASS">
          <params>
            <param index="0">
              <value>
                <![CDATA[com]]>
              </value>
            </param>
            <param index="1">
              <value>
                <![CDATA[inst]]>
              </value>
            </param>
          </params>
          <reporter-output>
          </reporter-output>
        </test-method> <!-- muldatausedataprovider -->
        <test-method signature="muldatausedataprovider(java.lang.String,java.lang.String)[pri:0, instance:Vtiger.practice.Readdatafronexcel@7c24b813]" started-at="2022-11-13T09:06:57 IST" name="muldatausedataprovider" data-provider="muldata" finished-at="2022-11-13T09:06:57 IST" duration-ms="1" status="PASS">
          <params>
            <param index="0">
              <value>
                <![CDATA[tele]]>
              </value>
            </param>
            <param index="1">
              <value>
                <![CDATA[infosys]]>
              </value>
            </param>
          </params>
          <reporter-output>
          </reporter-output>
        </test-method> <!-- muldatausedataprovider -->
        <test-method signature="muldatausedataprovider(java.lang.String,java.lang.String)[pri:0, instance:Vtiger.practice.Readdatafronexcel@7c24b813]" started-at="2022-11-13T09:06:57 IST" name="muldatausedataprovider" data-provider="muldata" finished-at="2022-11-13T09:06:57 IST" duration-ms="4" status="PASS">
          <params>
            <param index="0">
              <value>
                <![CDATA[manuf]]>
              </value>
            </param>
            <param index="1">
              <value>
                <![CDATA[wipro]]>
              </value>
            </param>
          </params>
          <reporter-output>
          </reporter-output>
        </test-method> <!-- muldatausedataprovider -->
        <test-method signature="muldatausedataprovider(java.lang.String,java.lang.String)[pri:0, instance:Vtiger.practice.Readdatafronexcel@7c24b813]" started-at="2022-11-13T09:06:57 IST" name="muldatausedataprovider" data-provider="muldata" finished-at="2022-11-13T09:06:57 IST" duration-ms="2" status="PASS">
          <params>
            <param index="0">
              <value>
                <![CDATA[realesate]]>
              </value>
            </param>
            <param index="1">
              <value>
                <![CDATA[vai]]>
              </value>
            </param>
          </params>
          <reporter-output>
          </reporter-output>
        </test-method> <!-- muldatausedataprovider -->
      </class> <!-- Vtiger.practice.Readdatafronexcel -->
    </test> <!-- Default test -->
  </suite> <!-- Default suite -->
</testng-results>
