<?xml version="1.0" encoding="UTF-8"?>
<!-- Generated by org.testng.reporters.JUnitXMLReporter -->
<testsuite ignored="1" hostname="DESKTOP-SESNNIV" failures="0" tests="4" name="Default test" time="0.567" errors="0" timestamp="2022-11-13T09:06:57 IST">
  <testcase classname="Vtiger.practice.Readdatafronexcel" name="muldatausedataprovider" time="0.007"/>
  <testcase classname="Vtiger.practice.Readdatafronexcel" name="muldatausedataprovider" time="0.001"/>
  <testcase classname="Vtiger.practice.Readdatafronexcel" name="muldatausedataprovider" time="0.004"/>
  <testcase classname="Vtiger.practice.Readdatafronexcel" name="muldatausedataprovider" time="0.002"/>
  <testcase classname="Vtiger.practice.Readdatafronexcel" name="readdatafromexcel" time="0.0">
    <ignored/>
  </testcase> <!-- readdatafromexcel -->
</testsuite> <!-- Default test -->
